*****************************************************************
      SolidWorks Corporation - IGES Processor Status Report
*****************************************************************
=================================================================
Informazioni generali
=================================================================
Invio I.D. del prodotto di sistema : Noname
Ricezione dell'I.D. del prodotto di sistema: Noname
Nome file                    : hfslb6_3060_450.igs
Invio del sistema               :  By Spatial Corp.
Versione preprocessore         : XPlus ACIS/IGES 3.0
Data creazione file           : 20150103.185049
Data creazione modello          : 20150103.185049
Unità                        : MM
Scala spazio del modello            : 1
Autore                       : Noname
Organizzazione                 : Noname


=================================================================
Informazioni entità in elaborazione
=================================================================


=================================================================
Analisi di precisione del file IGES:
=================================================================
  Numero prevalente di unità significative:               2
  Numero più alto di unità significative:                     14
  Numero media di unità significative:                4.76837
  Distanza massima dall'origine:                          451.248
  Distanza minima dall'origine:                             4.55
  Numero effettivo di unità significative:              13.9912


=================================================================
Sintesi entità
=================================================================
-----------------------------------------------------------------
Immetti nome                                         Conteggio convertito
---- ----                                         ----- ---------
100  Arc                                            476       476
102  Composite curve                                317       317
110  Line                                          1752      1752
120  Surface of revolution                          119       119
122  Tabulated cylinder                             184       184
124  Transformation matrix                          476       476
142  Curve on a parametric surface                  317       317
144  Trimmed parametric surface                     303       303
_________________________________________________________________


=================================================================
Sintesi dei risultati
=================================================================
Tipo di funzione SolidWorks                Conteggio
-----------------------                -----
Funzioni solide                       1
Funzioni di superficie                     0
Funzioni di curva/schizzo                0
--------------------------------------------
Inizio: domenica, gennaio 04, 2015 20:16:23
Fine: domenica, gennaio 04, 2015 20:16:29
Tempo di elaborazione: 0 days, 00 hours, 00 mins, 06 secs
