*****************************************************************
      SolidWorks Corporation - IGES Processor Status Report
*****************************************************************
=================================================================
Informazioni generali
=================================================================
Invio I.D. del prodotto di sistema : Noname
Ricezione dell'I.D. del prodotto di sistema: Noname
Nome file                    : hntf6_5.igs
Invio del sistema               :  By Spatial Corp.
Versione preprocessore         : XPlus ACIS/IGES 3.0
Data creazione file           : 20150104.190243
Data creazione modello          : 20150104.190243
Unità                        : MM
Scala spazio del modello            : 1
Autore                       : Noname
Organizzazione                 : Noname


=================================================================
Informazioni entità in elaborazione
=================================================================


=================================================================
Analisi di precisione del file IGES:
=================================================================
  Numero prevalente di unità significative:               2
  Numero più alto di unità significative:                     14
  Numero media di unità significative:                7.16708
  Distanza massima dall'origine:                          12.1611
  Distanza minima dall'origine:                                0
  Numero effettivo di unità significative:                   14


=================================================================
Sintesi entità
=================================================================
-----------------------------------------------------------------
Immetti nome                                         Conteggio convertito
---- ----                                         ----- ---------
100  Arc                                             24        24
102  Composite curve                                 20        20
110  Line                                            90        90
120  Surface of revolution                            8         8
122  Tabulated cylinder                              10        10
124  Transformation matrix                           24        24
142  Curve on a parametric surface                   20        20
144  Trimmed parametric surface                      18        18
_________________________________________________________________


=================================================================
Sintesi dei risultati
=================================================================
Tipo di funzione SolidWorks                Conteggio
-----------------------                -----
Funzioni solide                       1
Funzioni di superficie                     0
Funzioni di curva/schizzo                0
--------------------------------------------
Inizio: domenica, gennaio 04, 2015 19:03:39
Fine: domenica, gennaio 04, 2015 19:03:40
Tempo di elaborazione: 0 days, 00 hours, 00 mins, 01 secs
