*****************************************************************
      SolidWorks Corporation - IGES Processor Status Report
*****************************************************************
=================================================================
Informazioni generali
=================================================================
Invio I.D. del prodotto di sistema : Noname
Ricezione dell'I.D. del prodotto di sistema: Noname
Nome file                    : mtsbra12_380_s10_q8.igs
Invio del sistema               :  By Spatial Corp.
Versione preprocessore         : XPlus ACIS/IGES 3.0
Data creazione file           : 20150104.195041
Data creazione modello          : 20150104.195041
Unità                        : MM
Scala spazio del modello            : 1
Autore                       : Noname
Organizzazione                 : Noname


=================================================================
Informazioni entità in elaborazione
=================================================================


=================================================================
Analisi di precisione del file IGES:
=================================================================
  Numero prevalente di unità significative:               1
  Numero più alto di unità significative:                     14
  Numero media di unità significative:                3.63504
  Distanza massima dall'origine:                          383.594
  Distanza minima dall'origine:                                0
  Numero effettivo di unità significative:                   14


=================================================================
Sintesi entità
=================================================================
-----------------------------------------------------------------
Immetti nome                                         Conteggio convertito
---- ----                                         ----- ---------
100  Arc                                             36        36
102  Composite curve                                 12        12
110  Line                                            29        29
120  Surface of revolution                            8         8
122  Tabulated cylinder                               3         3
124  Transformation matrix                           36        36
142  Curve on a parametric surface                   12        12
144  Trimmed parametric surface                      11        11
_________________________________________________________________


=================================================================
Sintesi dei risultati
=================================================================
Tipo di funzione SolidWorks                Conteggio
-----------------------                -----
Funzioni solide                       1
Funzioni di superficie                     0
Funzioni di curva/schizzo                0
--------------------------------------------
Inizio: domenica, gennaio 04, 2015 19:56:33
Fine: domenica, gennaio 04, 2015 19:56:34
Tempo di elaborazione: 0 days, 00 hours, 00 mins, 01 secs
